2023.07.24 19:56:01 INFO  Started: Metals version 1.0.0 in folders 'D:\UCSC\sem 3\SCS2204 Functional Programming\tutorial_6' for client Visual Studio Code 1.80.1.
Jul 24, 2023 7:56:01 PM org.flywaydb.core.internal.license.VersionPrinter printVersionOnly
INFO: Flyway Community Edition 9.20.1 by Redgate
Jul 24, 2023 7:56:01 PM org.flywaydb.core.internal.license.VersionPrinter printVersion
INFO: See release notes here: https://rd.gt/416ObMi
Jul 24, 2023 7:56:01 PM org.flywaydb.core.internal.license.VersionPrinter printVersion
INFO: 
Jul 24, 2023 7:56:02 PM org.flywaydb.core.internal.database.base.BaseDatabaseType createDatabase
INFO: Database: jdbc:h2:file:D:\UCSC\sem 3\SCS2204 Functional Programming\tutorial_6\.metals\metals (H2 2.1)
Jul 24, 2023 7:56:02 PM org.flywaydb.core.internal.schemahistory.JdbcTableSchemaHistory allAppliedMigrations
INFO: Schema history table "PUBLIC"."flyway_schema_history" does not exist yet
Jul 24, 2023 7:56:02 PM org.flywaydb.core.internal.command.DbValidate validate
INFO: Successfully validated 4 migrations (execution time 00:00.016s)
Jul 24, 2023 7:56:02 PM org.flywaydb.core.internal.schemahistory.JdbcTableSchemaHistory create
INFO: Creating Schema History table "PUBLIC"."flyway_schema_history" ...
Jul 24, 2023 7:56:02 PM org.flywaydb.core.internal.command.DbMigrate migrateGroup
INFO: Current version of schema "PUBLIC": << Empty Schema >>
Jul 24, 2023 7:56:02 PM org.flywaydb.core.internal.command.DbMigrate doMigrateGroup
INFO: Migrating schema "PUBLIC" to version "1 - Create tables"
Jul 24, 2023 7:56:02 PM org.flywaydb.core.internal.command.DbMigrate doMigrateGroup
INFO: Migrating schema "PUBLIC" to version "2 - Server discovery"
Jul 24, 2023 7:56:02 PM org.flywaydb.core.internal.command.DbMigrate doMigrateGroup
INFO: Migrating schema "PUBLIC" to version "3 - Jar symbols"
Jul 24, 2023 7:56:02 PM org.flywaydb.core.internal.command.DbMigrate doMigrateGroup
INFO: Migrating schema "PUBLIC" to version "4 - Fingerprints"
Jul 24, 2023 7:56:02 PM org.flywaydb.core.internal.command.DbMigrate logSummary
INFO: Successfully applied 4 migrations to schema "PUBLIC", now at version v4 (execution time 00:00.014s)
2023.07.24 19:56:02 INFO  time: initialize in 1.05s
2023.07.24 19:56:25 INFO  Running List(C:\Users\madhushan\AppData\Local\Coursier\data\bin\scala-cli.BAT, setup-ide, D:\UCSC\sem 3\SCS2204 Functional Programming\tutorial_6)
2023.07.24 19:56:25 INFO  Attempting to connect to the build server...
2023.07.24 19:56:25 INFO  Running BSP server List(C:\Users\madhushan\AppData\Local\Coursier\data\bin\.scala-cli.aux.exe, bsp, --json-options, D:\UCSC\sem 3\SCS2204 Functional Programming\tutorial_6\.scala-build\ide-options-v2.json, D:\UCSC\sem 3\SCS2204 Functional Programming\tutorial_6)
2023.07.24 19:56:25 WARN  No build session currently active to reload.
2023.07.24 19:56:25 INFO  tracing is disabled for protocol BSP, to enable tracing of incoming and outgoing JSON messages create an empty file at D:\UCSC\sem 3\SCS2204 Functional Programming\tutorial_6\.metals\bsp.trace.json or C:\Users\madhushan\AppData\Local\scalameta\metals\cache\bsp.trace.json
2023.07.24 19:56:32 INFO  BSP server: Checking https://github.com/coursier/jvm-index/raw/master/index.json
2023.07.24 19:56:32 INFO  BSP server: Checked https://github.com/coursier/jvm-index/raw/master/index.json
2023.07.24 19:56:32 INFO  BSP server: Downloading https://github.com/coursier/jvm-index/raw/master/index.json
2023.07.24 19:56:37 INFO  BSP server: Still downloading:
2023.07.24 19:56:37 INFO  BSP server: https://github.com/coursier/jvm-index/raw/master/index.json (24.54 %, 311296 / 1268766)
2023.07.24 19:56:37 INFO  BSP server: 
2023.07.24 19:56:43 INFO  BSP server: Still downloading:
2023.07.24 19:56:43 INFO  BSP server: https://github.com/coursier/jvm-index/raw/master/index.json (61.88 %, 785088 / 1268766)
2023.07.24 19:56:43 INFO  BSP server: 
2023.07.24 19:56:45 ERROR Timeout waiting for 'build/initialize' response
2023.07.24 19:56:45 WARN  Retrying connection to the build server scala-cli
2023.07.24 19:56:45 INFO  Running BSP server List(C:\Users\madhushan\AppData\Local\Coursier\data\bin\.scala-cli.aux.exe, bsp, --json-options, D:\UCSC\sem 3\SCS2204 Functional Programming\tutorial_6\.scala-build\ide-options-v2.json, D:\UCSC\sem 3\SCS2204 Functional Programming\tutorial_6)
2023.07.24 19:56:45 INFO  tracing is disabled for protocol BSP, to enable tracing of incoming and outgoing JSON messages create an empty file at D:\UCSC\sem 3\SCS2204 Functional Programming\tutorial_6\.metals\bsp.trace.json or C:\Users\madhushan\AppData\Local\scalameta\metals\cache\bsp.trace.json
2023.07.24 19:56:48 INFO  BSP server: Checking https://github.com/coursier/jvm-index/raw/master/index.json
2023.07.24 19:56:48 INFO  BSP server: Checked https://github.com/coursier/jvm-index/raw/master/index.json
2023.07.24 19:56:48 INFO  BSP server: Downloading https://github.com/coursier/jvm-index/raw/master/index.json
2023.07.24 19:56:49 INFO  BSP server: Downloaded https://github.com/coursier/jvm-index/raw/master/index.json
2023.07.24 19:56:49 INFO  BSP server: Downloading https://github.com/adoptium/temurin17-binaries/releases/download/jdk-17%2B35/OpenJDK17-jdk_x64_windows_hotspot_17_35.zip
2023.07.24 19:56:54 INFO  BSP server: Still downloading:
2023.07.24 19:56:54 INFO  BSP server: https://github.com/adoptium/temurin17-binaries/releases/download/jdk-17%2B35/OpenJDK17-jdk_x64_windows_hotspot_17_35.zip (0.14 %, 261539 / 188690370)
2023.07.24 19:56:54 INFO  BSP server: 
2023.07.24 19:56:55 INFO  no build target found for D:\UCSC\sem 3\SCS2204 Functional Programming\tutorial_6\1.scala. Using presentation compiler with project's scala-library version: 3.3.0
2023.07.24 19:56:58 INFO  time: code lens generation in 55s
2023.07.24 19:56:58 INFO  time: code lens generation in 42s
2023.07.24 19:56:59 INFO  BSP server: Still downloading:
2023.07.24 19:56:59 INFO  BSP server: https://github.com/adoptium/temurin17-binaries/releases/download/jdk-17%2B35/OpenJDK17-jdk_x64_windows_hotspot_17_35.zip (0.54 %, 1015203 / 188690370)
2023.07.24 19:56:59 INFO  BSP server: 
2023.07.24 19:57:05 INFO  BSP server: Still downloading:
2023.07.24 19:57:05 INFO  BSP server: https://github.com/adoptium/temurin17-binaries/releases/download/jdk-17%2B35/OpenJDK17-jdk_x64_windows_hotspot_17_35.zip (1.01 %, 1899939 / 188690370)
2023.07.24 19:57:05 INFO  BSP server: 
2023.07.24 19:57:05 ERROR Timeout waiting for 'build/initialize' response
2023.07.24 19:57:05 WARN  Retrying connection to the build server scala-cli
2023.07.24 19:57:05 INFO  Running BSP server List(C:\Users\madhushan\AppData\Local\Coursier\data\bin\.scala-cli.aux.exe, bsp, --json-options, D:\UCSC\sem 3\SCS2204 Functional Programming\tutorial_6\.scala-build\ide-options-v2.json, D:\UCSC\sem 3\SCS2204 Functional Programming\tutorial_6)
2023.07.24 19:57:05 INFO  tracing is disabled for protocol BSP, to enable tracing of incoming and outgoing JSON messages create an empty file at D:\UCSC\sem 3\SCS2204 Functional Programming\tutorial_6\.metals\bsp.trace.json or C:\Users\madhushan\AppData\Local\scalameta\metals\cache\bsp.trace.json
2023.07.24 19:57:05 INFO  BSP server: Downloading https://github.com/adoptium/temurin17-binaries/releases/download/jdk-17%2B35/OpenJDK17-jdk_x64_windows_hotspot_17_35.zip
2023.07.24 19:57:10 INFO  BSP server: Still downloading:
2023.07.24 19:57:10 INFO  BSP server: https://github.com/adoptium/temurin17-binaries/releases/download/jdk-17%2B35/OpenJDK17-jdk_x64_windows_hotspot_17_35.zip (1.15 %, 2177577 / 188690370)
2023.07.24 19:57:10 INFO  BSP server: 
2023.07.24 19:57:15 INFO  BSP server: Still downloading:
2023.07.24 19:57:15 INFO  BSP server: https://github.com/adoptium/temurin17-binaries/releases/download/jdk-17%2B35/OpenJDK17-jdk_x64_windows_hotspot_17_35.zip (1.38 %, 2603561 / 188690370)
2023.07.24 19:57:15 INFO  BSP server: 
2023.07.24 19:57:21 INFO  BSP server: Still downloading:
2023.07.24 19:57:21 INFO  BSP server: https://github.com/adoptium/temurin17-binaries/releases/download/jdk-17%2B35/OpenJDK17-jdk_x64_windows_hotspot_17_35.zip (1.95 %, 3671952 / 188690370)
2023.07.24 19:57:21 INFO  BSP server: 
2023.07.24 19:57:25 ERROR Timeout waiting for 'build/initialize' response
2023.07.24 19:57:25 WARN  Retrying connection to the build server scala-cli
2023.07.24 19:57:25 INFO  Running BSP server List(C:\Users\madhushan\AppData\Local\Coursier\data\bin\.scala-cli.aux.exe, bsp, --json-options, D:\UCSC\sem 3\SCS2204 Functional Programming\tutorial_6\.scala-build\ide-options-v2.json, D:\UCSC\sem 3\SCS2204 Functional Programming\tutorial_6)
2023.07.24 19:57:25 INFO  tracing is disabled for protocol BSP, to enable tracing of incoming and outgoing JSON messages create an empty file at D:\UCSC\sem 3\SCS2204 Functional Programming\tutorial_6\.metals\bsp.trace.json or C:\Users\madhushan\AppData\Local\scalameta\metals\cache\bsp.trace.json
2023.07.24 19:57:25 INFO  BSP server: Downloading https://github.com/adoptium/temurin17-binaries/releases/download/jdk-17%2B35/OpenJDK17-jdk_x64_windows_hotspot_17_35.zip
2023.07.24 19:57:30 INFO  BSP server: Still downloading:
2023.07.24 19:57:30 INFO  BSP server: https://github.com/adoptium/temurin17-binaries/releases/download/jdk-17%2B35/OpenJDK17-jdk_x64_windows_hotspot_17_35.zip (2.35 %, 4441110 / 188690370)
2023.07.24 19:57:30 INFO  BSP server: 
2023.07.24 19:57:36 INFO  BSP server: Still downloading:
2023.07.24 19:57:36 INFO  BSP server: https://github.com/adoptium/temurin17-binaries/releases/download/jdk-17%2B35/OpenJDK17-jdk_x64_windows_hotspot_17_35.zip (2.61 %, 4919677 / 188690370)
2023.07.24 19:57:36 INFO  BSP server: 
2023.07.24 19:57:41 INFO  BSP server: Still downloading:
2023.07.24 19:57:41 INFO  BSP server: https://github.com/adoptium/temurin17-binaries/releases/download/jdk-17%2B35/OpenJDK17-jdk_x64_windows_hotspot_17_35.zip (2.90 %, 5476733 / 188690370)
2023.07.24 19:57:41 INFO  BSP server: 
2023.07.24 19:57:45 ERROR Timeout waiting for 'build/initialize' response
2023.07.24 19:57:45 WARN  Retrying connection to the build server scala-cli
2023.07.24 19:57:45 INFO  Running BSP server List(C:\Users\madhushan\AppData\Local\Coursier\data\bin\.scala-cli.aux.exe, bsp, --json-options, D:\UCSC\sem 3\SCS2204 Functional Programming\tutorial_6\.scala-build\ide-options-v2.json, D:\UCSC\sem 3\SCS2204 Functional Programming\tutorial_6)
2023.07.24 19:57:45 INFO  tracing is disabled for protocol BSP, to enable tracing of incoming and outgoing JSON messages create an empty file at D:\UCSC\sem 3\SCS2204 Functional Programming\tutorial_6\.metals\bsp.trace.json or C:\Users\madhushan\AppData\Local\scalameta\metals\cache\bsp.trace.json
2023.07.24 19:57:46 INFO  BSP server: Downloading https://github.com/adoptium/temurin17-binaries/releases/download/jdk-17%2B35/OpenJDK17-jdk_x64_windows_hotspot_17_35.zip
2023.07.24 19:57:55 INFO  BSP server: Still downloading:
2023.07.24 19:57:55 INFO  BSP server: https://github.com/adoptium/temurin17-binaries/releases/download/jdk-17%2B35/OpenJDK17-jdk_x64_windows_hotspot_17_35.zip (3.09 %, 5829217 / 188690370)
2023.07.24 19:57:55 INFO  BSP server: 
2023.07.24 19:58:00 INFO  BSP server: Still downloading:
2023.07.24 19:58:00 INFO  BSP server: https://github.com/adoptium/temurin17-binaries/releases/download/jdk-17%2B35/OpenJDK17-jdk_x64_windows_hotspot_17_35.zip (3.29 %, 6213907 / 188690370)
2023.07.24 19:58:00 INFO  BSP server: 
2023.07.24 19:58:05 ERROR Timeout waiting for 'build/initialize' response
2023.07.24 19:58:05 WARN  Retrying connection to the build server scala-cli
2023.07.24 19:58:05 INFO  Running BSP server List(C:\Users\madhushan\AppData\Local\Coursier\data\bin\.scala-cli.aux.exe, bsp, --json-options, D:\UCSC\sem 3\SCS2204 Functional Programming\tutorial_6\.scala-build\ide-options-v2.json, D:\UCSC\sem 3\SCS2204 Functional Programming\tutorial_6)
2023.07.24 19:58:05 INFO  tracing is disabled for protocol BSP, to enable tracing of incoming and outgoing JSON messages create an empty file at D:\UCSC\sem 3\SCS2204 Functional Programming\tutorial_6\.metals\bsp.trace.json or C:\Users\madhushan\AppData\Local\scalameta\metals\cache\bsp.trace.json
2023.07.24 19:58:06 INFO  BSP server: Downloading https://github.com/adoptium/temurin17-binaries/releases/download/jdk-17%2B35/OpenJDK17-jdk_x64_windows_hotspot_17_35.zip
2023.07.24 19:58:12 INFO  BSP server: Still downloading:
2023.07.24 19:58:12 INFO  BSP server: https://github.com/adoptium/temurin17-binaries/releases/download/jdk-17%2B35/OpenJDK17-jdk_x64_windows_hotspot_17_35.zip (3.61 %, 6819225 / 188690370)
2023.07.24 19:58:12 INFO  BSP server: 
2023.07.24 19:58:17 INFO  BSP server: Still downloading:
2023.07.24 19:58:17 INFO  BSP server: https://github.com/adoptium/temurin17-binaries/releases/download/jdk-17%2B35/OpenJDK17-jdk_x64_windows_hotspot_17_35.zip (3.76 %, 7097753 / 188690370)
2023.07.24 19:58:17 INFO  BSP server: 
2023.07.24 19:58:23 INFO  BSP server: Still downloading:
2023.07.24 19:58:23 INFO  BSP server: https://github.com/adoptium/temurin17-binaries/releases/download/jdk-17%2B35/OpenJDK17-jdk_x64_windows_hotspot_17_35.zip (3.96 %, 7474585 / 188690370)
2023.07.24 19:58:23 INFO  BSP server: 
2023.07.24 19:58:25 ERROR Timeout waiting for 'build/initialize' response
2023.07.24 19:58:25 ERROR Failed to connect with build server, no functionality will work.
java.util.concurrent.TimeoutException
	at java.util.concurrent.CompletableFuture.timedGet(CompletableFuture.java:1784)
	at java.util.concurrent.CompletableFuture.get(CompletableFuture.java:1928)
	at scala.meta.internal.metals.BuildServerConnection$.initialize(BuildServerConnection.scala:530)
	at scala.meta.internal.metals.BuildServerConnection$.$anonfun$fromSockets$1(BuildServerConnection.scala:439)
	at scala.concurrent.impl.Promise$Transformation.run(Promise.scala:467)
	at java.util.concurrent.ThreadPoolExecutor.runWorker(ThreadPoolExecutor.java:1149)
	at java.util.concurrent.ThreadPoolExecutor$Worker.run(ThreadPoolExecutor.java:624)
	at java.lang.Thread.run(Thread.java:748)

2023.07.24 19:58:25 WARN  no build target for: D:\UCSC\sem 3\SCS2204 Functional Programming\tutorial_6\1.scala
2023.07.24 19:59:00 WARN  no build target for: D:\UCSC\sem 3\SCS2204 Functional Programming\tutorial_6\1.scala
2023.07.24 20:01:00 WARN  no build target for: D:\UCSC\sem 3\SCS2204 Functional Programming\tutorial_5\3.scala
2023.07.24 20:13:06 WARN  no build target for: D:\UCSC\sem 3\SCS2204 Functional Programming\tutorial_6\1.scala
2023.07.24 20:25:22 WARN  no build target for: D:\UCSC\sem 3\SCS2204 Functional Programming\tutorial_6\1.scala
2023.07.24 20:28:36 WARN  no build target for: D:\UCSC\sem 3\SCS2204 Functional Programming\tutorial_6\1.scala
2023.07.24 20:31:37 WARN  no build target for: D:\UCSC\sem 3\SCS2204 Functional Programming\tutorial_6\1.scala
2023.07.24 20:32:21 WARN  no build target for: D:\UCSC\sem 3\SCS2204 Functional Programming\tutorial_6\1.scala
2023.07.24 20:56:51 INFO  Shutting down server
2023.07.24 20:56:51 INFO  shutting down Metals
2023.07.24 20:56:51 INFO  Exiting server
